0 info it worked if it ends with ok
1 verbose cli [
1 verbose cli   '/usr/bin/node',
1 verbose cli   '/usr/bin/npm',
1 verbose cli   'run',
1 verbose cli   'tsc:default',
1 verbose cli   '--',
1 verbose cli   '-p',
1 verbose cli   'tsconfig.json'
1 verbose cli ]
2 info using npm@6.13.7
3 info using node@v13.10.1
4 verbose run-script [ 'pretsc:default', 'tsc:default', 'posttsc:default' ]
5 info lifecycle @wso2is/integration-tests@1.0.609~pretsc:default: @wso2is/integration-tests@1.0.609
6 info lifecycle @wso2is/integration-tests@1.0.609~tsc:default: @wso2is/integration-tests@1.0.609
7 verbose lifecycle @wso2is/integration-tests@1.0.609~tsc:default: unsafe-perm in lifecycle true
8 verbose lifecycle @wso2is/integration-tests@1.0.609~tsc:default: PATH: /usr/lib/node_modules/npm/node_modules/npm-lifecycle/node-gyp-bin:/home/achini/projects/cloudtest/identity-apps/31122020-clone/identity-apps/tests/node_modules/.bin:/home/achini/projects/cloudtest/identity-apps/31122020-clone/identity-apps/tests/node_modules/.bin:/usr/lib/node_modules/npm/node_modules/npm-lifecycle/node-gyp-bin:/home/achini/projects/cloudtest/identity-apps/31122020-clone/identity-apps/tests/node_modules/.bin:/usr/lib/node_modules/npm/node_modules/npm-lifecycle/node-gyp-bin:/home/achini/projects/cloudtest/identity-apps/31122020-clone/identity-apps/tests/node_modules/.bin:/home/achini/projects/cloudtest/identity-apps/31122020-clone/identity-apps/tests/node_modules/.bin:/home/achini/projects/cloudtest/identity-apps/31122020-clone/identity-apps/node_modules/.bin:/home/achini/projects/cloudtest/identity-apps/31122020-clone/node_modules/.bin:/home/achini/projects/cloudtest/identity-apps/node_modules/.bin:/home/achini/projects/cloudtest/node_modules/.bin:/home/achini/projects/node_modules/.bin:/home/achini/node_modules/.bin:/home/node_modules/.bin:/node_modules/.bin:/usr/bin:/home/achini/projects/cloudtest/identity-apps/31122020-clone/identity-apps/node_modules/.bin:/usr/lib/node_modules/npm/node_modules/npm-lifecycle/node-gyp-bin:/home/achini/projects/cloudtest/identity-apps/31122020-clone/identity-apps/node_modules/.bin:/home/achini/.local/bin:/opt/apache-maven/bin:/opt/maven/bin:/usr/local/sbin:/usr/local/bin:/usr/sbin:/usr/bin:/sbin:/bin:/usr/games:/usr/local/games:/snap/bin:/usr/lib/jvm/java-8-oracle/bin:/usr/lib/jvm/java-8-oracle/db/bin:/usr/lib/jvm/java-8-oracle/jre/bin:/usr/lib/jvm/java-8-oracle/bin:/usr/local/wum/bin
9 verbose lifecycle @wso2is/integration-tests@1.0.609~tsc:default: CWD: /home/achini/projects/cloudtest/identity-apps/31122020-clone/identity-apps/tests
10 silly lifecycle @wso2is/integration-tests@1.0.609~tsc:default: Args: [ '-c', 'tsc "-p" "tsconfig.json"' ]
11 silly lifecycle @wso2is/integration-tests@1.0.609~tsc:default: Returned: code: 2  signal: null
12 info lifecycle @wso2is/integration-tests@1.0.609~tsc:default: Failed to exec tsc:default script
13 verbose stack Error: @wso2is/integration-tests@1.0.609 tsc:default: `tsc "-p" "tsconfig.json"`
13 verbose stack Exit status 2
13 verbose stack     at EventEmitter.<anonymous> (/usr/lib/node_modules/npm/node_modules/npm-lifecycle/index.js:332:16)
13 verbose stack     at EventEmitter.emit (events.js:316:20)
13 verbose stack     at ChildProcess.<anonymous> (/usr/lib/node_modules/npm/node_modules/npm-lifecycle/lib/spawn.js:55:14)
13 verbose stack     at ChildProcess.emit (events.js:316:20)
13 verbose stack     at maybeClose (internal/child_process.js:1026:16)
13 verbose stack     at Process.ChildProcess._handle.onexit (internal/child_process.js:286:5)
14 verbose pkgid @wso2is/integration-tests@1.0.609
15 verbose cwd /home/achini/projects/cloudtest/identity-apps/31122020-clone/identity-apps/tests
16 verbose Linux 4.15.0-128-generic
17 verbose argv "/usr/bin/node" "/usr/bin/npm" "run" "tsc:default" "--" "-p" "tsconfig.json"
18 verbose node v13.10.1
19 verbose npm  v6.13.7
20 error code ELIFECYCLE
21 error errno 2
22 error @wso2is/integration-tests@1.0.609 tsc:default: `tsc "-p" "tsconfig.json"`
22 error Exit status 2
23 error Failed at the @wso2is/integration-tests@1.0.609 tsc:default script.
23 error This is probably not a problem with npm. There is likely additional logging output above.
24 verbose exit [ 2, true ]
