0 info it worked if it ends with ok
1 verbose cli [ '/usr/bin/node', '/usr/bin/npm', 'run', 'build' ]
2 info using npm@6.13.7
3 info using node@v13.10.1
4 verbose run-script [ 'prebuild', 'build', 'postbuild' ]
5 info lifecycle @wso2is/webapps@1.0.609~prebuild: @wso2is/webapps@1.0.609
6 verbose lifecycle @wso2is/webapps@1.0.609~prebuild: unsafe-perm in lifecycle true
7 verbose lifecycle @wso2is/webapps@1.0.609~prebuild: PATH: /usr/lib/node_modules/npm/node_modules/npm-lifecycle/node-gyp-bin:/home/achini/projects/cloudtest/identity-apps/31122020-clone/identity-apps/node_modules/.bin:/home/achini/.local/bin:/opt/apache-maven/bin:/opt/maven/bin:/usr/local/sbin:/usr/local/bin:/usr/sbin:/usr/bin:/sbin:/bin:/usr/games:/usr/local/games:/snap/bin:/usr/lib/jvm/java-8-oracle/bin:/usr/lib/jvm/java-8-oracle/db/bin:/usr/lib/jvm/java-8-oracle/jre/bin:/usr/lib/jvm/java-8-oracle/bin:/usr/local/wum/bin
8 verbose lifecycle @wso2is/webapps@1.0.609~prebuild: CWD: /home/achini/projects/cloudtest/identity-apps/31122020-clone/identity-apps
9 silly lifecycle @wso2is/webapps@1.0.609~prebuild: Args: [ '-c', 'npm install && npx lerna bootstrap' ]
10 silly lifecycle @wso2is/webapps@1.0.609~prebuild: Returned: code: 0  signal: null
11 info lifecycle @wso2is/webapps@1.0.609~build: @wso2is/webapps@1.0.609
12 verbose lifecycle @wso2is/webapps@1.0.609~build: unsafe-perm in lifecycle true
13 verbose lifecycle @wso2is/webapps@1.0.609~build: PATH: /usr/lib/node_modules/npm/node_modules/npm-lifecycle/node-gyp-bin:/home/achini/projects/cloudtest/identity-apps/31122020-clone/identity-apps/node_modules/.bin:/home/achini/.local/bin:/opt/apache-maven/bin:/opt/maven/bin:/usr/local/sbin:/usr/local/bin:/usr/sbin:/usr/bin:/sbin:/bin:/usr/games:/usr/local/games:/snap/bin:/usr/lib/jvm/java-8-oracle/bin:/usr/lib/jvm/java-8-oracle/db/bin:/usr/lib/jvm/java-8-oracle/jre/bin:/usr/lib/jvm/java-8-oracle/bin:/usr/local/wum/bin
14 verbose lifecycle @wso2is/webapps@1.0.609~build: CWD: /home/achini/projects/cloudtest/identity-apps/31122020-clone/identity-apps
15 silly lifecycle @wso2is/webapps@1.0.609~build: Args: [ '-c', 'npx lerna run build --stream' ]
16 silly lifecycle @wso2is/webapps@1.0.609~build: Returned: code: 2  signal: null
17 info lifecycle @wso2is/webapps@1.0.609~build: Failed to exec build script
18 verbose stack Error: @wso2is/webapps@1.0.609 build: `npx lerna run build --stream`
18 verbose stack Exit status 2
18 verbose stack     at EventEmitter.<anonymous> (/usr/lib/node_modules/npm/node_modules/npm-lifecycle/index.js:332:16)
18 verbose stack     at EventEmitter.emit (events.js:316:20)
18 verbose stack     at ChildProcess.<anonymous> (/usr/lib/node_modules/npm/node_modules/npm-lifecycle/lib/spawn.js:55:14)
18 verbose stack     at ChildProcess.emit (events.js:316:20)
18 verbose stack     at maybeClose (internal/child_process.js:1026:16)
18 verbose stack     at Process.ChildProcess._handle.onexit (internal/child_process.js:286:5)
19 verbose pkgid @wso2is/webapps@1.0.609
20 verbose cwd /home/achini/projects/cloudtest/identity-apps/31122020-clone/identity-apps
21 verbose Linux 4.15.0-128-generic
22 verbose argv "/usr/bin/node" "/usr/bin/npm" "run" "build"
23 verbose node v13.10.1
24 verbose npm  v6.13.7
25 error code ELIFECYCLE
26 error errno 2
27 error @wso2is/webapps@1.0.609 build: `npx lerna run build --stream`
27 error Exit status 2
28 error Failed at the @wso2is/webapps@1.0.609 build script.
28 error This is probably not a problem with npm. There is likely additional logging output above.
29 verbose exit [ 2, true ]
